Using pre-set license
Built from '2020.3/staging' branch; Version is '2020.3.4f1 (0abb6314276a) revision 703331'; Using compiler version '192528614'; Build Type 'Release'
OS: 'Windows 10 Home; OS build 19041.928; Version 2004; 64bit' Language: 'en' Physical Memory: 7116 MB
BatchMode: 1, IsHumanControllingUs: 0, StartBugReporterOnCrash: 0, Is64bit: 1, IsPro: 0

 COMMAND LINE ARGUMENTS:
C:\Program Files\Unity\Hub\Editor\2020.3.4f1\Editor\Unity.exe
-adb2
-batchMode
-noUpm
-name
AssetImportWorker0
-projectPath
C:/Users/dimon/Desktop/Repos/BeachHacks 2021/Beach-Hacks-2021-Andrew-Chris-Dmitry-Misty
-logFile
Logs/AssetImportWorker0.log
-srvPort
56096
Successfully changed project path to: C:/Users/dimon/Desktop/Repos/BeachHacks 2021/Beach-Hacks-2021-Andrew-Chris-Dmitry-Misty
C:/Users/dimon/Desktop/Repos/BeachHacks 2021/Beach-Hacks-2021-Andrew-Chris-Dmitry-Misty
Using Asset Import Pipeline V2.
Refreshing native plugins compatible for Editor in 59.59 ms, found 1 plugins.
Preloading 0 native plugins for Editor in 0.00 ms.
Initialize engine version: 2020.3.4f1 (0abb6314276a)
[Subsystems] Discovering subsystems at path C:/Program Files/Unity/Hub/Editor/2020.3.4f1/Editor/Data/Resources/UnitySubsystems
[Subsystems] Discovering subsystems at path C:/Users/dimon/Desktop/Repos/BeachHacks 2021/Beach-Hacks-2021-Andrew-Chris-Dmitry-Misty/Assets
GfxDevice: creating device client; threaded=0
Direct3D:
    Version:  Direct3D 11.0 [level 11.1]
    Renderer: AMD Radeon(TM) Vega 8 Mobile Graphics (ID=0x15dd)
    Vendor:   
    VRAM:     3558 MB
    Driver:   23.20.826.9984
Initialize mono
Mono path[0] = 'C:/Program Files/Unity/Hub/Editor/2020.3.4f1/Editor/Data/Managed'
Mono path[1] = 'C:/Program Files/Unity/Hub/Editor/2020.3.4f1/Editor/Data/MonoBleedingEdge/lib/mono/unityjit'
Mono config path = 'C:/Program Files/Unity/Hub/Editor/2020.3.4f1/Editor/Data/MonoBleedingEdge/etc'
Using monoOptions --debugger-agent=transport=dt_socket,embedding=1,server=y,suspend=n,address=127.0.0.1:56480
Begin MonoManager ReloadAssembly
Registering precompiled unity dll's ...
Register platform support module: C:/Program Files/Unity/Hub/Editor/2020.3.4f1/Editor/Data/PlaybackEngines/WindowsStandaloneSupport/UnityEditor.WindowsStandalone.Extensions.dll
Registered in 0.003281 seconds.
Native extension for WindowsStandalone target not found
Refreshing native plugins compatible for Editor in 45.93 ms, found 1 plugins.
Preloading 0 native plugins for Editor in 0.00 ms.
Mono: successfully reloaded assembly
- Completed reload, in  2.148 seconds
Platform modules already initialized, skipping
Registering precompiled user dll's ...
Registered in 0.001453 seconds.
Begin MonoManager ReloadAssembly
Native extension for WindowsStandalone target not found
Refreshing native plugins compatible for Editor in 56.49 ms, found 1 plugins.
Preloading 0 native plugins for Editor in 0.00 ms.
Mono: successfully reloaded assembly
- Completed reload, in  1.986 seconds
Platform modules already initialized, skipping
========================================================================
Worker process is ready to serve import requests
Launched and connected shader compiler UnityShaderCompiler.exe after 0.10 seconds
Refreshing native plugins compatible for Editor in 0.55 ms, found 1 plugins.
Preloading 0 native plugins for Editor in 0.00 ms.
Unloading 1808 Unused Serialized files (Serialized files now loaded: 0)
System memory in use before: 85.5 MB.
System memory in use after: 85.4 MB.

Unloading 24 unused Assets to reduce memory usage. Loaded Objects now: 2250.
Total: 4.945800 ms (FindLiveObjects: 0.323900 ms CreateObjectMapping: 0.101200 ms MarkObjects: 4.218900 ms  DeleteObjects: 0.299100 ms)

========================================================================
Received Import Request.
  path: Assets/Scripts
  artifactKey: Guid(2cef51e00652d6c47adb9bcc8d3e72e7) Importer(815301076,1909f56bfc062723c751e8b465ee728b)
Start importing Assets/Scripts using Guid(2cef51e00652d6c47adb9bcc8d3e72e7) Importer(815301076,1909f56bfc062723c751e8b465ee728b)  -> (artifact id: '487d8122b74664584e980d17f9ef958e') in 0.027570 seconds
  Import took 0.034579 seconds .

========================================================================
Received Import Request.
  Time since last request: 0.830879 seconds.
  path: Assets
  artifactKey: Guid(00000000000000001000000000000000) Importer(815301076,1909f56bfc062723c751e8b465ee728b)
Start importing Assets using Guid(00000000000000001000000000000000) Importer(815301076,1909f56bfc062723c751e8b465ee728b)  -> (artifact id: '025e4f587c23674256bb898581e82961') in 0.013822 seconds
  Import took 0.018415 seconds .

========================================================================
Received Import Request.
  Time since last request: 6.401953 seconds.
  path: Assets/Sprites
  artifactKey: Guid(44282a3019830484a8b693dd128a689d) Importer(815301076,1909f56bfc062723c751e8b465ee728b)
Start importing Assets/Sprites using Guid(44282a3019830484a8b693dd128a689d) Importer(815301076,1909f56bfc062723c751e8b465ee728b)  -> (artifact id: 'a99ca5d0b2da87269d52c367736f4a81') in 0.018513 seconds
  Import took 0.024457 seconds .

========================================================================
Received Import Request.
  Time since last request: 0.003476 seconds.
  path: Assets/Sprites
  artifactKey: Guid(44282a3019830484a8b693dd128a689d) Importer(815301076,1909f56bfc062723c751e8b465ee728b)
Start importing Assets/Sprites using Guid(44282a3019830484a8b693dd128a689d) Importer(815301076,1909f56bfc062723c751e8b465ee728b)  -> (artifact id: 'a99ca5d0b2da87269d52c367736f4a81') in 0.008025 seconds
  Import took 0.014539 seconds .

========================================================================
Received Prepare
Trying to reload asset but can't find object on disk

Trying to reload asset but can't find object on disk

Trying to reload asset but can't find object on disk

Trying to reload asset but can't find object on disk

Trying to reload asset but can't find object on disk

Trying to reload asset but can't find object on disk

Trying to reload asset but can't find object on disk

Trying to reload asset but can't find object on disk

Trying to reload asset but can't find object on disk

Trying to reload asset but can't find object on disk

Trying to reload asset but can't find object on disk

Trying to reload asset but can't find object on disk

Trying to reload asset but can't find object on disk

Trying to reload asset but can't find object on disk

Trying to reload asset but can't find object on disk

Trying to reload asset but can't find object on disk

Trying to reload asset but can't find object on disk

Trying to reload asset but can't find object on disk

Registering precompiled user dll's ...
Registered in 0.001629 seconds.
Begin MonoManager ReloadAssembly
Native extension for WindowsStandalone target not found
Refreshing native plugins compatible for Editor in 39.78 ms, found 0 plugins.
Preloading 0 native plugins for Editor in 0.00 ms.
Mono: successfully reloaded assembly
- Completed reload, in  1.479 seconds
Platform modules already initialized, skipping
Refreshing native plugins compatible for Editor in 0.42 ms, found 0 plugins.
Preloading 0 native plugins for Editor in 0.00 ms.
Unloading 1110 Unused Serialized files (Serialized files now loaded: 0)
System memory in use before: 70.7 MB.
System memory in use after: 70.8 MB.

Unloading 233 unused Assets to reduce memory usage. Loaded Objects now: 2022.
Total: 3.262800 ms (FindLiveObjects: 0.372800 ms CreateObjectMapping: 0.087200 ms MarkObjects: 2.595900 ms  DeleteObjects: 0.205000 ms)

AssetImportWorkerClient::OnTransportError - code=2 error=End of file
